# JRE version: Java(TM) SE Runtime Environment (17.0.12+8) (build 17.0.12+8-LTS-286)
# Java VM: Java HotSpot(TM) 64-Bit Server VM (17.0.12+8-LTS-286, mixed mode, sharing, tiered, compressed oops, compressed class ptrs, g1 gc, windows-amd64)
GC Precious Log:
 CPUs: 8 total, 8 available
 Memory: 6030M
 Large Page Support: Disabled
 NUMA Support: Disabled
 Compressed Oops: Enabled (32-bit)
 Heap Region Size: 1M
 Heap Min Capacity: 8M
 Heap Initial Capacity: 96M
 Heap Max Capacity: 1508M
 Pre-touch: Disabled
 Parallel Workers: 8
 Concurrent Workers: 2
 Concurrent Refinement Workers: 8
 Periodic GC: Disabled
Heap:
 garbage-first heap   total 98304K, used 49437K [0x00000000a1c00000, 0x0000000100000000)
  region size 1024K, 2 young (2048K), 2 survivors (2048K)
 Metaspace       used 31051K, committed 31296K, reserved 1114112K
  class space    used 3555K, committed 3648K, reserved 1048576K
GC Heap History (20 events):
Event: 69.845 GC heap after
{Heap after GC invocations=5 (full 0):
 garbage-first heap   total 98304K, used 24064K [0x00000000a1c00000, 0x0000000100000000)
  region size 1024K, 7 young (7168K), 7 survivors (7168K)
 Metaspace       used 20090K, committed 20416K, reserved 1114112K
  class space    used 2323K, committed 2496K, reserved 1048576K
}
Event: 70.198 GC heap before
{Heap before GC invocations=5 (full 0):
 garbage-first heap   total 98304K, used 26112K [0x00000000a1c00000, 0x0000000100000000)
  region size 1024K, 10 young (10240K), 7 survivors (7168K)
 Metaspace       used 21295K, committed 21504K, reserved 1114112K
  class space    used 2500K, committed 2624K, reserved 1048576K
}
Event: 70.239 GC heap after
{Heap after GC invocations=6 (full 0):
 garbage-first heap   total 98304K, used 25895K [0x00000000a1c00000, 0x0000000100000000)
  region size 1024K, 2 young (2048K), 2 survivors (2048K)
 Metaspace       used 21295K, committed 21504K, reserved 1114112K
  class space    used 2500K, committed 2624K, reserved 1048576K
}
Event: 87.152 GC heap before
{Heap before GC invocations=7 (full 0):
 garbage-first heap   total 86016K, used 63783K [0x00000000a1c00000, 0x0000000100000000)
  region size 1024K, 39 young (39936K), 2 survivors (2048K)
 Metaspace       used 25865K, committed 26112K, reserved 1114112K
  class space    used 3000K, committed 3136K, reserved 1048576K
}
Event: 87.238 GC heap after
{Heap after GC invocations=8 (full 0):
 garbage-first heap   total 86016K, used 39719K [0x00000000a1c00000, 0x0000000100000000)
  region size 1024K, 5 young (5120K), 5 survivors (5120K)
 Metaspace       used 25865K, committed 26112K, reserved 1114112K
  class space    used 3000K, committed 3136K, reserved 1048576K
}
Event: 88.883 GC heap before
{Heap before GC invocations=9 (full 0):
 garbage-first heap   total 86016K, used 60199K [0x00000000a1c00000, 0x0000000100000000)
  region size 1024K, 25 young (25600K), 5 survivors (5120K)
 Metaspace       used 26367K, committed 26624K, reserved 1114112K
  class space    used 3036K, committed 3136K, reserved 1048576K
}
Event: 88.918 GC heap after
{Heap after GC invocations=10 (full 0):
 garbage-first heap   total 86016K, used 44519K [0x00000000a1c00000, 0x0000000100000000)
  region size 1024K, 4 young (4096K), 4 survivors (4096K)
 Metaspace       used 26367K, committed 26624K, reserved 1114112K
  class space    used 3036K, committed 3136K, reserved 1048576K
}
Event: 91.808 GC heap before
{Heap before GC invocations=10 (full 0):
 garbage-first heap   total 86016K, used 61927K [0x00000000a1c00000, 0x0000000100000000)
  region size 1024K, 22 young (22528K), 4 survivors (4096K)
 Metaspace       used 27387K, committed 27712K, reserved 1114112K
  class space    used 3128K, committed 3264K, reserved 1048576K
}
Event: 91.840 GC heap after
{Heap after GC invocations=11 (full 0):
 garbage-first heap   total 86016K, used 47218K [0x00000000a1c00000, 0x0000000100000000)
  region size 1024K, 3 young (3072K), 3 survivors (3072K)
 Metaspace       used 27387K, committed 27712K, reserved 1114112K
  class space    used 3128K, committed 3264K, reserved 1048576K
}
Event: 93.307 GC heap before
{Heap before GC invocations=12 (full 0):
 garbage-first heap   total 86016K, used 64626K [0x00000000a1c00000, 0x0000000100000000)
  region size 1024K, 20 young (20480K), 3 survivors (3072K)
 Metaspace       used 28087K, committed 28352K, reserved 1114112K
  class space    used 3226K, committed 3328K, reserved 1048576K
}
Event: 93.325 GC heap after
{Heap after GC invocations=13 (full 0):
 garbage-first heap   total 86016K, used 47783K [0x00000000a1c00000, 0x0000000100000000)
  region size 1024K, 1 young (1024K), 1 survivors (1024K)
 Metaspace       used 28087K, committed 28352K, reserved 1114112K
  class space    used 3226K, committed 3328K, reserved 1048576K
}
Event: 93.595 GC heap before
{Heap before GC invocations=13 (full 0):
 garbage-first heap   total 86016K, used 49831K [0x00000000a1c00000, 0x0000000100000000)
  region size 1024K, 4 young (4096K), 1 survivors (1024K)
 Metaspace       used 28280K, committed 28608K, reserved 1114112K
  class space    used 3253K, committed 3392K, reserved 1048576K
}
Event: 93.602 GC heap after
{Heap after GC invocations=14 (full 0):
 garbage-first heap   total 86016K, used 47532K [0x00000000a1c00000, 0x0000000100000000)
  region size 1024K, 1 young (1024K), 1 survivors (1024K)
 Metaspace       used 28280K, committed 28608K, reserved 1114112K
  class space    used 3253K, committed 3392K, reserved 1048576K
}
Event: 94.978 GC heap before
{Heap before GC invocations=14 (full 0):
 garbage-first heap   total 86016K, used 65964K [0x00000000a1c00000, 0x0000000100000000)
  region size 1024K, 19 young (19456K), 1 survivors (1024K)
 Metaspace       used 28979K, committed 29248K, reserved 1114112K
  class space    used 3325K, committed 3456K, reserved 1048576K
}
Event: 94.987 GC heap after
{Heap after GC invocations=15 (full 0):
 garbage-first heap   total 86016K, used 48130K [0x00000000a1c00000, 0x0000000100000000)
  region size 1024K, 1 young (1024K), 1 survivors (1024K)
 Metaspace       used 28979K, committed 29248K, reserved 1114112K
  class space    used 3325K, committed 3456K, reserved 1048576K
}
Event: 96.787 GC heap before
{Heap before GC invocations=16 (full 0):
 garbage-first heap   total 86016K, used 67586K [0x00000000a1c00000, 0x0000000100000000)
  region size 1024K, 20 young (20480K), 1 survivors (1024K)
 Metaspace       used 29245K, committed 29568K, reserved 1114112K
  class space    used 3331K, committed 3456K, reserved 1048576K
}
Event: 96.799 GC heap after
{Heap after GC invocations=17 (full 0):
 garbage-first heap   total 86016K, used 48592K [0x00000000a1c00000, 0x0000000100000000)
  region size 1024K, 2 young (2048K), 2 survivors (2048K)
 Metaspace       used 29245K, committed 29568K, reserved 1114112K
  class space    used 3331K, committed 3456K, reserved 1048576K
}
Event: 96.898 GC heap before
{Heap before GC invocations=17 (full 0):
 garbage-first heap   total 86016K, used 50640K [0x00000000a1c00000, 0x0000000100000000)
  region size 1024K, 4 young (4096K), 2 survivors (2048K)
 Metaspace       used 29270K, committed 29568K, reserved 1114112K
  class space    used 3331K, committed 3456K, reserved 1048576K
}
Event: 96.911 GC heap after
{Heap after GC invocations=18 (full 0):
 garbage-first heap   total 86016K, used 47990K [0x00000000a1c00000, 0x0000000100000000)
  region size 1024K, 1 young (1024K), 1 survivors (1024K)
 Metaspace       used 29270K, committed 29568K, reserved 1114112K
  class space    used 3331K, committed 3456K, reserved 1048576K
}
Event: 100.410 GC heap before
{Heap before GC invocations=18 (full 0):
 garbage-first heap   total 86016K, used 68470K [0x00000000a1c00000, 0x0000000100000000)
  region size 1024K, 21 young (21504K), 1 survivors (1024K)
 Metaspace       used 31051K, committed 31296K, reserved 1114112K
  class space    used 3555K, committed 3648K, reserved 1048576K
}

