# JRE version: Java(TM) SE Runtime Environment (17.0.12+8) (build 17.0.12+8-LTS-286)
# Java VM: Java HotSpot(TM) 64-Bit Server VM (17.0.12+8-LTS-286, mixed mode, sharing, tiered, compressed oops, compressed class ptrs, g1 gc, windows-amd64)
GC Precious Log:
 CPUs: 8 total, 8 available
 Memory: 6030M
 Large Page Support: Disabled
 NUMA Support: Disabled
 Compressed Oops: Enabled (32-bit)
 Heap Region Size: 1M
 Heap Min Capacity: 8M
 Heap Initial Capacity: 96M
 Heap Max Capacity: 1508M
 Pre-touch: Disabled
 Parallel Workers: 8
 Concurrent Workers: 2
 Concurrent Refinement Workers: 8
 Periodic GC: Disabled
Heap:
 garbage-first heap   total 98304K, used 34555K [0x00000000a1c00000, 0x0000000100000000)
  region size 1024K, 31 young (31744K), 8 survivors (8192K)
 Metaspace       used 15676K, committed 15872K, reserved 1114112K
  class space    used 1861K, committed 1920K, reserved 1048576K
GC Heap History (6 events):
Event: 3.688 GC heap before
{Heap before GC invocations=0 (full 0):
 garbage-first heap   total 98304K, used 22528K [0x00000000a1c00000, 0x0000000100000000)
  region size 1024K, 23 young (23552K), 0 survivors (0K)
 Metaspace       used 5430K, committed 5568K, reserved 1114112K
  class space    used 657K, committed 768K, reserved 1048576K
}
Event: 3.719 GC heap after
{Heap after GC invocations=1 (full 0):
 garbage-first heap   total 98304K, used 3664K [0x00000000a1c00000, 0x0000000100000000)
  region size 1024K, 3 young (3072K), 3 survivors (3072K)
 Metaspace       used 5430K, committed 5568K, reserved 1114112K
  class space    used 657K, committed 768K, reserved 1048576K
}
Event: 7.985 GC heap before
{Heap before GC invocations=1 (full 0):
 garbage-first heap   total 98304K, used 33360K [0x00000000a1c00000, 0x0000000100000000)
  region size 1024K, 32 young (32768K), 3 survivors (3072K)
 Metaspace       used 9318K, committed 9472K, reserved 1114112K
  class space    used 1130K, committed 1216K, reserved 1048576K
}
Event: 7.999 GC heap after
{Heap after GC invocations=2 (full 0):
 garbage-first heap   total 98304K, used 5177K [0x00000000a1c00000, 0x0000000100000000)
  region size 1024K, 2 young (2048K), 2 survivors (2048K)
 Metaspace       used 9318K, committed 9472K, reserved 1114112K
  class space    used 1130K, committed 1216K, reserved 1048576K
}
Event: 15.838 GC heap before
{Heap before GC invocations=2 (full 0):
 garbage-first heap   total 98304K, used 61497K [0x00000000a1c00000, 0x0000000100000000)
  region size 1024K, 57 young (58368K), 2 survivors (2048K)
 Metaspace       used 15425K, committed 15616K, reserved 1114112K
  class space    used 1858K, committed 1920K, reserved 1048576K
}
Event: 15.888 GC heap after
{Heap after GC invocations=3 (full 0):
 garbage-first heap   total 98304K, used 12027K [0x00000000a1c00000, 0x0000000100000000)
  region size 1024K, 8 young (8192K), 8 survivors (8192K)
 Metaspace       used 15425K, committed 15616K, reserved 1114112K
  class space    used 1858K, committed 1920K, reserved 1048576K
}

